# JRE version: OpenJDK Runtime Environment (8.0_40-b09) (build 1.8.0_40-internal-b09)
# Java VM: OpenJDK Server VM (25.40-b13 mixed mode linux-x86 )
Heap:
 PSYoungGen      total 177408K, used 33151K [0x92180000, 0xa63c0000, 0xa6e00000)
  eden space 81920K, 0% used [0x92180000,0x92180000,0x97180000)
  from space 95488K, 34% used [0x97180000,0x991dfd00,0x9cec0000)
  to   space 113408K, 0% used [0x9f500000,0x9f500000,0xa63c0000)
 ParOldGen       total 370688K, used 370538K [0x68800000, 0x7f200000, 0x92180000)
  object space 370688K, 99% used [0x68800000,0x7f1da998,0x7f200000)
 Metaspace       used 9877K, capacity 10065K, committed 10136K, reserved 10544K
GC Heap History (10 events):
Event: 13,121 GC heap after
Heap after GC invocations=13 (full 3):
 PSYoungGen      total 133888K, used 69616K [0x92180000, 0xa1480000, 0xa6e00000)
  eden space 64256K, 0% used [0x92180000,0x92180000,0x96040000)
  from space 69632K, 99% used [0x9b500000,0x9f8fc3f0,0x9f900000)
  to   space 86784K, 0% used [0x96040000,0x96040000,0x9b500000)
 ParOldGen       total 248320K, used 170061K [0x68800000, 0x77a80000, 0x92180000)
  object space 248320K, 68% used [0x68800000,0x72e13780,0x77a80000)
 Metaspace       used 9643K, capacity 9833K, committed 9880K, reserved 10544K
}
Event: 13,901 GC heap before
{Heap before GC invocations=14 (full 3):
 PSYoungGen      total 133888K, used 133872K [0x92180000, 0xa1480000, 0xa6e00000)
  eden space 64256K, 100% used [0x92180000,0x96040000,0x96040000)
  from space 69632K, 99% used [0x9b500000,0x9f8fc3f0,0x9f900000)
  to   space 86784K, 0% used [0x96040000,0x96040000,0x9b500000)
 ParOldGen       total 248320K, used 170061K [0x68800000, 0x77a80000, 0x92180000)
  object space 248320K, 68% used [0x68800000,0x72e13780,0x77a80000)
 Metaspace       used 9643K, capacity 9833K, committed 9880K, reserved 10544K
Event: 14,197 GC heap after
Heap after GC invocations=14 (full 3):
 PSYoungGen      total 151040K, used 57856K [0x92180000, 0xa2900000, 0xa6e00000)
  eden space 64256K, 0% used [0x92180000,0x92180000,0x96040000)
  from space 86784K, 66% used [0x96040000,0x998c02f0,0x9b500000)
  to   space 91648K, 0% used [0x9cf80000,0x9cf80000,0xa2900000)
 ParOldGen       total 248320K, used 240638K [0x68800000, 0x77a80000, 0x92180000)
  object space 248320K, 96% used [0x68800000,0x772ffbc0,0x77a80000)
 Metaspace       used 9643K, capacity 9833K, committed 9880K, reserved 10544K
}
Event: 14,197 GC heap before
{Heap before GC invocations=15 (full 4):
 PSYoungGen      total 151040K, used 57856K [0x92180000, 0xa2900000, 0xa6e00000)
  eden space 64256K, 0% used [0x92180000,0x92180000,0x96040000)
  from space 86784K, 66% used [0x96040000,0x998c02f0,0x9b500000)
  to   space 91648K, 0% used [0x9cf80000,0x9cf80000,0xa2900000)
 ParOldGen       total 248320K, used 240638K [0x68800000, 0x77a80000, 0x92180000)
  object space 248320K, 96% used [0x68800000,0x772ffbc0,0x77a80000)
 Metaspace       used 9643K, capacity 9833K, committed 9880K, reserved 10544K
Event: 15,611 GC heap after
Heap after GC invocations=15 (full 4):
 PSYoungGen      total 151040K, used 48413K [0x92180000, 0xa2900000, 0xa6e00000)
  eden space 64256K, 0% used [0x92180000,0x92180000,0x96040000)
  from space 86784K, 55% used [0x96040000,0x98f87738,0x9b500000)
  to   space 91648K, 0% used [0x9cf80000,0x9cf80000,0xa2900000)
 ParOldGen       total 370688K, used 248107K [0x68800000, 0x7f200000, 0x92180000)
  object space 370688K, 66% used [0x68800000,0x77a4afc8,0x7f200000)
 Metaspace       used 9643K, capacity 9833K, committed 9880K, reserved 10544K
}
Event: 16,437 GC heap before
{Heap before GC invocations=16 (full 4):
 PSYoungGen      total 151040K, used 112669K [0x92180000, 0xa2900000, 0xa6e00000)
  eden space 64256K, 100% used [0x92180000,0x96040000,0x96040000)
  from space 86784K, 55% used [0x96040000,0x98f87738,0x9b500000)
  to   space 91648K, 0% used [0x9cf80000,0x9cf80000,0xa2900000)
 ParOldGen       total 370688K, used 248107K [0x68800000, 0x7f200000, 0x92180000)
  object space 370688K, 66% used [0x68800000,0x77a4afc8,0x7f200000)
 Metaspace       used 9643K, capacity 9833K, committed 9880K, reserved 10544K
Event: 16,720 GC heap after
Heap after GC invocations=16 (full 4):
 PSYoungGen      total 173568K, used 58416K [0x92180000, 0xa2c00000, 0xa6e00000)
  eden space 81920K, 0% used [0x92180000,0x92180000,0x97180000)
  from space 91648K, 63% used [0x9cf80000,0xa088c350,0xa2900000)
  to   space 95488K, 0% used [0x97180000,0x97180000,0x9cec0000)
 ParOldGen       total 370688K, used 297164K [0x68800000, 0x7f200000, 0x92180000)
  object space 370688K, 80% used [0x68800000,0x7aa33228,0x7f200000)
 Metaspace       used 9643K, capacity 9833K, committed 9880K, reserved 10544K
}
Event: 19,020 GC heap before
{Heap before GC invocations=17 (full 4):
 PSYoungGen      total 173568K, used 140336K [0x92180000, 0xa2c00000, 0xa6e00000)
  eden space 81920K, 100% used [0x92180000,0x97180000,0x97180000)
  from space 91648K, 63% used [0x9cf80000,0xa088c350,0xa2900000)
  to   space 95488K, 0% used [0x97180000,0x97180000,0x9cec0000)
 ParOldGen       total 370688K, used 297164K [0x68800000, 0x7f200000, 0x92180000)
  object space 370688K, 80% used [0x68800000,0x7aa33228,0x7f200000)
 Metaspace       used 9877K, capacity 10065K, committed 10136K, reserved 10544K
Event: 19,454 GC heap after
Heap after GC invocations=17 (full 4):
 PSYoungGen      total 177408K, used 95475K [0x92180000, 0xa63c0000, 0xa6e00000)
  eden space 81920K, 0% used [0x92180000,0x92180000,0x97180000)
  from space 95488K, 99% used [0x97180000,0x9cebcdc0,0x9cec0000)
  to   space 113408K, 0% used [0x9f500000,0x9f500000,0xa63c0000)
 ParOldGen       total 370688K, used 309307K [0x68800000, 0x7f200000, 0x92180000)
  object space 370688K, 83% used [0x68800000,0x7b60ef18,0x7f200000)
 Metaspace       used 9877K, capacity 10065K, committed 10136K, reserved 10544K
}
Event: 19,990 GC heap before
{Heap before GC invocations=18 (full 5):
 PSYoungGen      total 177408K, used 95475K [0x92180000, 0xa63c0000, 0xa6e00000)
  eden space 81920K, 0% used [0x92180000,0x92180000,0x97180000)
  from space 95488K, 99% used [0x97180000,0x9cebcdc0,0x9cec0000)
  to   space 113408K, 0% used [0x9f500000,0x9f500000,0xa63c0000)
 ParOldGen       total 370688K, used 309307K [0x68800000, 0x7f200000, 0x92180000)
  object space 370688K, 83% used [0x68800000,0x7b60ef18,0x7f200000)
 Metaspace       used 9877K, capacity 10065K, committed 10136K, reserved 10544K

