# JRE version: OpenJDK Runtime Environment (8.0_40-b09) (build 1.8.0_40-internal-b09)
# Java VM: OpenJDK Server VM (25.40-b13 mixed mode linux-x86 )
Heap:
 PSYoungGen      total 19200K, used 7596K [0x92180000, 0x94700000, 0xa6e00000)
  eden space 16640K, 30% used [0x92180000,0x9266edb0,0x931c0000)
  from space 2560K, 99% used [0x94480000,0x946fc470,0x94700000)
  to   space 2560K, 0% used [0x931c0000,0x931c0000,0x93440000)
 ParOldGen       total 104192K, used 84578K [0x68800000, 0x6edc0000, 0x92180000)
  object space 104192K, 81% used [0x68800000,0x6da98850,0x6edc0000)
 Metaspace       used 7763K, capacity 7943K, committed 7960K, reserved 8496K
GC Heap History (4 events):
Event: 3,674 GC heap before
{Heap before GC invocations=1 (full 0):
 PSYoungGen      total 19200K, used 16640K [0x92180000, 0x936c0000, 0xa6e00000)
  eden space 16640K, 100% used [0x92180000,0x931c0000,0x931c0000)
  from space 2560K, 0% used [0x93440000,0x93440000,0x936c0000)
  to   space 2560K, 0% used [0x931c0000,0x931c0000,0x93440000)
 ParOldGen       total 43776K, used 0K [0x68800000, 0x6b2c0000, 0x92180000)
  object space 43776K, 0% used [0x68800000,0x68800000,0x6b2c0000)
 Metaspace       used 4637K, capacity 4778K, committed 4888K, reserved 5424K
Event: 3,718 GC heap after
Heap after GC invocations=1 (full 0):
 PSYoungGen      total 19200K, used 2545K [0x92180000, 0x94700000, 0xa6e00000)
  eden space 16640K, 0% used [0x92180000,0x92180000,0x931c0000)
  from space 2560K, 99% used [0x931c0000,0x9343c798,0x93440000)
  to   space 2560K, 0% used [0x94480000,0x94480000,0x94700000)
 ParOldGen       total 43776K, used 146K [0x68800000, 0x6b2c0000, 0x92180000)
  object space 43776K, 0% used [0x68800000,0x68824b28,0x6b2c0000)
 Metaspace       used 4637K, capacity 4778K, committed 4888K, reserved 5424K
}
Event: 27,446 GC heap before
{Heap before GC invocations=2 (full 0):
 PSYoungGen      total 19200K, used 19185K [0x92180000, 0x94700000, 0xa6e00000)
  eden space 16640K, 100% used [0x92180000,0x931c0000,0x931c0000)
  from space 2560K, 99% used [0x931c0000,0x9343c798,0x93440000)
  to   space 2560K, 0% used [0x94480000,0x94480000,0x94700000)
 ParOldGen       total 104192K, used 83860K [0x68800000, 0x6edc0000, 0x92180000)
  object space 104192K, 80% used [0x68800000,0x6d9e5338,0x6edc0000)
 Metaspace       used 7298K, capacity 7495K, committed 7576K, reserved 8496K
Event: 27,476 GC heap after
Heap after GC invocations=2 (full 0):
 PSYoungGen      total 19200K, used 2545K [0x92180000, 0x94700000, 0xa6e00000)
  eden space 16640K, 0% used [0x92180000,0x92180000,0x931c0000)
  from space 2560K, 99% used [0x94480000,0x946fc470,0x94700000)
  to   space 2560K, 0% used [0x931c0000,0x931c0000,0x93440000)
 ParOldGen       total 104192K, used 84578K [0x68800000, 0x6edc0000, 0x92180000)
  object space 104192K, 81% used [0x68800000,0x6da98850,0x6edc0000)
 Metaspace       used 7298K, capacity 7495K, committed 7576K, reserved 8496K
}

