# JRE version: OpenJDK Runtime Environment (8.0_40-b09) (build 1.8.0_40-internal-b09)
# Java VM: OpenJDK Server VM (25.40-b13 mixed mode linux-x86 )
Heap:
 PSYoungGen      total 145664K, used 14332K [0x92180000, 0x9bf80000, 0xa6e00000)
  eden space 131328K, 0% used [0x92180000,0x92180000,0x9a1c0000)
  from space 14336K, 99% used [0x9a1c0000,0x9afbf080,0x9afc0000)
  to   space 12544K, 0% used [0x9afc0000,0x9afc0000,0x9bc00000)
 ParOldGen       total 43776K, used 22819K [0x68800000, 0x6b2c0000, 0x92180000)
  object space 43776K, 52% used [0x68800000,0x69e48f68,0x6b2c0000)
 Metaspace       used 16129K, capacity 16348K, committed 16384K, reserved 16688K
GC Heap History (10 events):
Event: 2,520 GC heap after
Heap after GC invocations=2 (full 0):
 PSYoungGen      total 35840K, used 2387K [0x92180000, 0x94700000, 0xa6e00000)
  eden space 33280K, 0% used [0x92180000,0x92180000,0x94200000)
  from space 2560K, 93% used [0x94480000,0x946d4fa0,0x94700000)
  to   space 2560K, 0% used [0x94200000,0x94200000,0x94480000)
 ParOldGen       total 43776K, used 127K [0x68800000, 0x6b2c0000, 0x92180000)
  object space 43776K, 0% used [0x68800000,0x6881fc40,0x6b2c0000)
 Metaspace       used 5141K, capacity 5279K, committed 5400K, reserved 5424K
}
Event: 3,969 GC heap before
{Heap before GC invocations=3 (full 0):
 PSYoungGen      total 35840K, used 35667K [0x92180000, 0x94700000, 0xa6e00000)
  eden space 33280K, 100% used [0x92180000,0x94200000,0x94200000)
  from space 2560K, 93% used [0x94480000,0x946d4fa0,0x94700000)
  to   space 2560K, 0% used [0x94200000,0x94200000,0x94480000)
 ParOldGen       total 43776K, used 127K [0x68800000, 0x6b2c0000, 0x92180000)
  object space 43776K, 0% used [0x68800000,0x6881fc40,0x6b2c0000)
 Metaspace       used 7539K, capacity 7695K, committed 7832K, reserved 8496K
Event: 4,001 GC heap after
Heap after GC invocations=3 (full 0):
 PSYoungGen      total 35840K, used 2544K [0x92180000, 0x96780000, 0xa6e00000)
  eden space 33280K, 0% used [0x92180000,0x92180000,0x94200000)
  from space 2560K, 99% used [0x94200000,0x9447c060,0x94480000)
  to   space 2560K, 0% used [0x96500000,0x96500000,0x96780000)
 ParOldGen       total 43776K, used 3728K [0x68800000, 0x6b2c0000, 0x92180000)
  object space 43776K, 8% used [0x68800000,0x68ba40c8,0x6b2c0000)
 Metaspace       used 7539K, capacity 7695K, committed 7832K, reserved 8496K
}
Event: 6,287 GC heap before
{Heap before GC invocations=4 (full 0):
 PSYoungGen      total 35840K, used 35824K [0x92180000, 0x96780000, 0xa6e00000)
  eden space 33280K, 100% used [0x92180000,0x94200000,0x94200000)
  from space 2560K, 99% used [0x94200000,0x9447c060,0x94480000)
  to   space 2560K, 0% used [0x96500000,0x96500000,0x96780000)
 ParOldGen       total 43776K, used 3728K [0x68800000, 0x6b2c0000, 0x92180000)
  object space 43776K, 8% used [0x68800000,0x68ba40c8,0x6b2c0000)
 Metaspace       used 9216K, capacity 9406K, committed 9496K, reserved 9520K
Event: 6,328 GC heap after
Heap after GC invocations=4 (full 0):
 PSYoungGen      total 69120K, used 2544K [0x92180000, 0x96780000, 0xa6e00000)
  eden space 66560K, 0% used [0x92180000,0x92180000,0x96280000)
  from space 2560K, 99% used [0x96500000,0x9677c070,0x96780000)
  to   space 2560K, 0% used [0x96280000,0x96280000,0x96500000)
 ParOldGen       total 43776K, used 7585K [0x68800000, 0x6b2c0000, 0x92180000)
  object space 43776K, 17% used [0x68800000,0x68f68628,0x6b2c0000)
 Metaspace       used 9216K, capacity 9406K, committed 9496K, reserved 9520K
}
Event: 10,894 GC heap before
{Heap before GC invocations=5 (full 0):
 PSYoungGen      total 69120K, used 69104K [0x92180000, 0x96780000, 0xa6e00000)
  eden space 66560K, 100% used [0x92180000,0x96280000,0x96280000)
  from space 2560K, 99% used [0x96500000,0x9677c070,0x96780000)
  to   space 2560K, 0% used [0x96280000,0x96280000,0x96500000)
 ParOldGen       total 43776K, used 7585K [0x68800000, 0x6b2c0000, 0x92180000)
  object space 43776K, 17% used [0x68800000,0x68f68628,0x6b2c0000)
 Metaspace       used 12234K, capacity 12409K, committed 12568K, reserved 12592K
Event: 10,969 GC heap after
Heap after GC invocations=5 (full 0):
 PSYoungGen      total 69120K, used 2546K [0x92180000, 0x9bc00000, 0xa6e00000)
  eden space 66560K, 0% used [0x92180000,0x92180000,0x96280000)
  from space 2560K, 99% used [0x96280000,0x964fc8a0,0x96500000)
  to   space 12544K, 0% used [0x9afc0000,0x9afc0000,0x9bc00000)
 ParOldGen       total 43776K, used 17151K [0x68800000, 0x6b2c0000, 0x92180000)
  object space 43776K, 39% used [0x68800000,0x698bfdf8,0x6b2c0000)
 Metaspace       used 12234K, capacity 12409K, committed 12568K, reserved 12592K
}
Event: 16,432 GC heap before
{Heap before GC invocations=6 (full 0):
 PSYoungGen      total 69120K, used 69106K [0x92180000, 0x9bc00000, 0xa6e00000)
  eden space 66560K, 100% used [0x92180000,0x96280000,0x96280000)
  from space 2560K, 99% used [0x96280000,0x964fc8a0,0x96500000)
  to   space 12544K, 0% used [0x9afc0000,0x9afc0000,0x9bc00000)
 ParOldGen       total 43776K, used 17151K [0x68800000, 0x6b2c0000, 0x92180000)
  object space 43776K, 39% used [0x68800000,0x698bfdf8,0x6b2c0000)
 Metaspace       used 15512K, capacity 15740K, committed 15768K, reserved 16688K
Event: 16,557 GC heap after
Heap after GC invocations=6 (full 0):
 PSYoungGen      total 143872K, used 10992K [0x92180000, 0x9bf80000, 0xa6e00000)
  eden space 131328K, 0% used [0x92180000,0x92180000,0x9a1c0000)
  from space 12544K, 87% used [0x9afc0000,0x9ba7c230,0x9bc00000)
  to   space 14336K, 0% used [0x9a1c0000,0x9a1c0000,0x9afc0000)
 ParOldGen       total 43776K, used 17151K [0x68800000, 0x6b2c0000, 0x92180000)
  object space 43776K, 39% used [0x68800000,0x698bfdf8,0x6b2c0000)
 Metaspace       used 15512K, capacity 15740K, committed 15768K, reserved 16688K
}
Event: 18,565 GC heap before
{Heap before GC invocations=7 (full 0):
 PSYoungGen      total 143872K, used 54446K [0x92180000, 0x9bf80000, 0xa6e00000)
  eden space 131328K, 33% used [0x92180000,0x94bef988,0x9a1c0000)
  from space 12544K, 87% used [0x9afc0000,0x9ba7c230,0x9bc00000)
  to   space 14336K, 0% used [0x9a1c0000,0x9a1c0000,0x9afc0000)
 ParOldGen       total 43776K, used 17151K [0x68800000, 0x6b2c0000, 0x92180000)
  object space 43776K, 39% used [0x68800000,0x698bfdf8,0x6b2c0000)
 Metaspace       used 16129K, capacity 16348K, committed 16384K, reserved 16688K

