# JRE version: OpenJDK Runtime Environment (8.0_40-b09) (build 1.8.0_40-internal-b09)
# Java VM: OpenJDK Server VM (25.40-b13 mixed mode linux-x86 )
Heap:
 PSYoungGen      total 123392K, used 15799K [0x92180000, 0xa1a00000, 0xa6e00000)
  eden space 62208K, 0% used [0x92180000,0x92180000,0x95e40000)
  from space 61184K, 25% used [0x95e40000,0x96dadec0,0x99a00000)
  to   space 86272K, 0% used [0x9c5c0000,0x9c5c0000,0xa1a00000)
 ParOldGen       total 247040K, used 246870K [0x68800000, 0x77940000, 0x92180000)
  object space 247040K, 99% used [0x68800000,0x779158e0,0x77940000)
 Metaspace       used 9638K, capacity 9801K, committed 9880K, reserved 10544K
GC Heap History (10 events):
Event: 10,070 GC heap after
Heap after GC invocations=10 (full 2):
 PSYoungGen      total 74752K, used 27376K [0x92180000, 0x993c0000, 0xa6e00000)
  eden space 47360K, 0% used [0x92180000,0x92180000,0x94fc0000)
  from space 27392K, 99% used [0x97180000,0x98c3c180,0x98c40000)
  to   space 34560K, 0% used [0x94fc0000,0x94fc0000,0x97180000)
 ParOldGen       total 157696K, used 93895K [0x68800000, 0x72200000, 0x92180000)
  object space 157696K, 59% used [0x68800000,0x6e3b1c30,0x72200000)
 Metaspace       used 9638K, capacity 9801K, committed 9880K, reserved 10544K
}
Event: 10,405 GC heap before
{Heap before GC invocations=11 (full 2):
 PSYoungGen      total 74752K, used 74736K [0x92180000, 0x993c0000, 0xa6e00000)
  eden space 47360K, 100% used [0x92180000,0x94fc0000,0x94fc0000)
  from space 27392K, 99% used [0x97180000,0x98c3c180,0x98c40000)
  to   space 34560K, 0% used [0x94fc0000,0x94fc0000,0x97180000)
 ParOldGen       total 157696K, used 93895K [0x68800000, 0x72200000, 0x92180000)
  object space 157696K, 59% used [0x68800000,0x6e3b1c30,0x72200000)
 Metaspace       used 9638K, capacity 9801K, committed 9880K, reserved 10544K
Event: 10,725 GC heap after
Heap after GC invocations=11 (full 2):
 PSYoungGen      total 81920K, used 34544K [0x92180000, 0x9d140000, 0xa6e00000)
  eden space 47360K, 0% used [0x92180000,0x92180000,0x94fc0000)
  from space 34560K, 99% used [0x94fc0000,0x9717c200,0x97180000)
  to   space 55808K, 0% used [0x99ac0000,0x99ac0000,0x9d140000)
 ParOldGen       total 157696K, used 130563K [0x68800000, 0x72200000, 0x92180000)
  object space 157696K, 82% used [0x68800000,0x70780e50,0x72200000)
 Metaspace       used 9638K, capacity 9801K, committed 9880K, reserved 10544K
}
Event: 10,725 GC heap before
{Heap before GC invocations=12 (full 3):
 PSYoungGen      total 81920K, used 34544K [0x92180000, 0x9d140000, 0xa6e00000)
  eden space 47360K, 0% used [0x92180000,0x92180000,0x94fc0000)
  from space 34560K, 99% used [0x94fc0000,0x9717c200,0x97180000)
  to   space 55808K, 0% used [0x99ac0000,0x99ac0000,0x9d140000)
 ParOldGen       total 157696K, used 130563K [0x68800000, 0x72200000, 0x92180000)
  object space 157696K, 82% used [0x68800000,0x70780e50,0x72200000)
 Metaspace       used 9638K, capacity 9801K, committed 9880K, reserved 10544K
Event: 11,686 GC heap after
Heap after GC invocations=12 (full 3):
 PSYoungGen      total 81920K, used 6233K [0x92180000, 0x9d140000, 0xa6e00000)
  eden space 47360K, 0% used [0x92180000,0x92180000,0x94fc0000)
  from space 34560K, 18% used [0x94fc0000,0x955d6400,0x97180000)
  to   space 55808K, 0% used [0x99ac0000,0x99ac0000,0x9d140000)
 ParOldGen       total 247040K, used 157493K [0x68800000, 0x77940000, 0x92180000)
  object space 247040K, 63% used [0x68800000,0x721cd768,0x77940000)
 Metaspace       used 9638K, capacity 9801K, committed 9880K, reserved 10544K
}
Event: 12,235 GC heap before
{Heap before GC invocations=13 (full 3):
 PSYoungGen      total 81920K, used 53593K [0x92180000, 0x9d140000, 0xa6e00000)
  eden space 47360K, 100% used [0x92180000,0x94fc0000,0x94fc0000)
  from space 34560K, 18% used [0x94fc0000,0x955d6400,0x97180000)
  to   space 55808K, 0% used [0x99ac0000,0x99ac0000,0x9d140000)
 ParOldGen       total 247040K, used 157493K [0x68800000, 0x77940000, 0x92180000)
  object space 247040K, 63% used [0x68800000,0x721cd768,0x77940000)
 Metaspace       used 9638K, capacity 9801K, committed 9880K, reserved 10544K
Event: 12,892 GC heap after
Heap after GC invocations=13 (full 3):
 PSYoungGen      total 118016K, used 43216K [0x92180000, 0x9d5c0000, 0xa6e00000)
  eden space 62208K, 0% used [0x92180000,0x92180000,0x95e40000)
  from space 55808K, 77% used [0x99ac0000,0x9c4f4280,0x9d140000)
  to   space 61184K, 0% used [0x95e40000,0x95e40000,0x99a00000)
 ParOldGen       total 247040K, used 163861K [0x68800000, 0x77940000, 0x92180000)
  object space 247040K, 66% used [0x68800000,0x728057c8,0x77940000)
 Metaspace       used 9638K, capacity 9801K, committed 9880K, reserved 10544K
}
Event: 13,726 GC heap before
{Heap before GC invocations=14 (full 3):
 PSYoungGen      total 118016K, used 105424K [0x92180000, 0x9d5c0000, 0xa6e00000)
  eden space 62208K, 100% used [0x92180000,0x95e40000,0x95e40000)
  from space 55808K, 77% used [0x99ac0000,0x9c4f4280,0x9d140000)
  to   space 61184K, 0% used [0x95e40000,0x95e40000,0x99a00000)
 ParOldGen       total 247040K, used 163861K [0x68800000, 0x77940000, 0x92180000)
  object space 247040K, 66% used [0x68800000,0x728057c8,0x77940000)
 Metaspace       used 9638K, capacity 9801K, committed 9880K, reserved 10544K
Event: 14,000 GC heap after
Heap after GC invocations=14 (full 3):
 PSYoungGen      total 123392K, used 61168K [0x92180000, 0xa1a00000, 0xa6e00000)
  eden space 62208K, 0% used [0x92180000,0x92180000,0x95e40000)
  from space 61184K, 99% used [0x95e40000,0x999fc330,0x99a00000)
  to   space 86272K, 0% used [0x9c5c0000,0x9c5c0000,0xa1a00000)
 ParOldGen       total 247040K, used 202698K [0x68800000, 0x77940000, 0x92180000)
  object space 247040K, 82% used [0x68800000,0x74df2a08,0x77940000)
 Metaspace       used 9638K, capacity 9801K, committed 9880K, reserved 10544K
}
Event: 14,000 GC heap before
{Heap before GC invocations=15 (full 4):
 PSYoungGen      total 123392K, used 61168K [0x92180000, 0xa1a00000, 0xa6e00000)
  eden space 62208K, 0% used [0x92180000,0x92180000,0x95e40000)
  from space 61184K, 99% used [0x95e40000,0x999fc330,0x99a00000)
  to   space 86272K, 0% used [0x9c5c0000,0x9c5c0000,0xa1a00000)
 ParOldGen       total 247040K, used 202698K [0x68800000, 0x77940000, 0x92180000)
  object space 247040K, 82% used [0x68800000,0x74df2a08,0x77940000)
 Metaspace       used 9638K, capacity 9801K, committed 9880K, reserved 10544K

